2016-06-07 23:15:51 startup archives unpack
2016-06-07 23:15:51 upgrade base-files:amd64 8+deb8u4 8+deb8u5
2016-06-07 23:15:51 status half-configured base-files:amd64 8+deb8u4
2016-06-07 23:15:51 status unpacked base-files:amd64 8+deb8u4
2016-06-07 23:15:51 status half-installed base-files:amd64 8+deb8u4
2016-06-07 23:15:51 status triggers-pending man-db:amd64 2.7.0.2-5
2016-06-07 23:15:51 status triggers-pending install-info:amd64 5.2.0.dfsg.1-6
2016-06-07 23:15:52 status half-installed base-files:amd64 8+deb8u4
2016-06-07 23:15:52 status unpacked base-files:amd64 8+deb8u5
2016-06-07 23:15:52 status unpacked base-files:amd64 8+deb8u5
2016-06-07 23:15:52 trigproc man-db:amd64 2.7.0.2-5 <ninguna>
2016-06-07 23:15:52 status half-configured man-db:amd64 2.7.0.2-5
2016-06-07 23:15:52 status installed man-db:amd64 2.7.0.2-5
2016-06-07 23:15:52 trigproc install-info:amd64 5.2.0.dfsg.1-6 <ninguna>
2016-06-07 23:15:52 status half-configured install-info:amd64 5.2.0.dfsg.1-6
2016-06-07 23:15:52 status installed install-info:amd64 5.2.0.dfsg.1-6
2016-06-07 23:15:52 startup packages configure
2016-06-07 23:15:52 configure base-files:amd64 8+deb8u5 <ninguna>
2016-06-07 23:15:52 status unpacked base-files:amd64 8+deb8u5
2016-06-07 23:15:52 status unpacked base-files:amd64 8+deb8u5
2016-06-07 23:15:52 status unpacked base-files:amd64 8+deb8u5
2016-06-07 23:15:52 status unpacked base-files:amd64 8+deb8u5
2016-06-07 23:15:52 status unpacked base-files:amd64 8+deb8u5
2016-06-07 23:15:52 status unpacked base-files:amd64 8+deb8u5
2016-06-07 23:15:52 status half-configured base-files:amd64 8+deb8u5
2016-06-07 23:15:52 status installed base-files:amd64 8+deb8u5
2016-06-07 23:15:52 startup archives unpack
2016-06-07 23:15:52 upgrade dpkg:amd64 1.17.26 1.17.27
2016-06-07 23:15:52 status half-configured dpkg:amd64 1.17.26
2016-06-07 23:15:52 status unpacked dpkg:amd64 1.17.26
2016-06-07 23:15:52 status half-installed dpkg:amd64 1.17.26
2016-06-07 23:15:52 status triggers-pending man-db:amd64 2.7.0.2-5
2016-06-07 23:15:52 status half-installed dpkg:amd64 1.17.26
2016-06-07 23:15:53 status unpacked dpkg:amd64 1.17.27
2016-06-07 23:15:53 status unpacked dpkg:amd64 1.17.27
2016-06-07 23:15:53 trigproc man-db:amd64 2.7.0.2-5 <ninguna>
2016-06-07 23:15:53 status half-configured man-db:amd64 2.7.0.2-5
2016-06-07 23:15:53 status installed man-db:amd64 2.7.0.2-5
2016-06-07 23:15:53 startup packages configure
2016-06-07 23:15:53 configure dpkg:amd64 1.17.27 <ninguna>
2016-06-07 23:15:53 status unpacked dpkg:amd64 1.17.27
2016-06-07 23:15:53 status unpacked dpkg:amd64 1.17.27
2016-06-07 23:15:53 status unpacked dpkg:amd64 1.17.27
2016-06-07 23:15:53 status unpacked dpkg:amd64 1.17.27
2016-06-07 23:15:53 status unpacked dpkg:amd64 1.17.27
2016-06-07 23:15:53 status half-configured dpkg:amd64 1.17.27
2016-06-07 23:15:53 status installed dpkg:amd64 1.17.27
2016-06-07 23:15:53 startup archives unpack
2016-06-07 23:15:53 upgrade perl:amd64 5.20.2-3+deb8u4 5.20.2-3+deb8u5
2016-06-07 23:15:53 status half-configured perl:amd64 5.20.2-3+deb8u4
2016-06-07 23:15:53 status unpacked perl:amd64 5.20.2-3+deb8u4
2016-06-07 23:15:53 status half-installed perl:amd64 5.20.2-3+deb8u4
2016-06-07 23:15:53 status triggers-pending man-db:amd64 2.7.0.2-5
2016-06-07 23:15:55 status half-installed perl:amd64 5.20.2-3+deb8u4
2016-06-07 23:15:55 status unpacked perl:amd64 5.20.2-3+deb8u5
2016-06-07 23:15:55 status unpacked perl:amd64 5.20.2-3+deb8u5
2016-06-07 23:15:55 upgrade libperl5.20:amd64 5.20.2-3+deb8u4 5.20.2-3+deb8u5
2016-06-07 23:15:55 status half-configured libperl5.20:amd64 5.20.2-3+deb8u4
2016-06-07 23:15:55 status unpacked libperl5.20:amd64 5.20.2-3+deb8u4
2016-06-07 23:15:55 status half-installed libperl5.20:amd64 5.20.2-3+deb8u4
2016-06-07 23:15:55 status half-installed libperl5.20:amd64 5.20.2-3+deb8u4
2016-06-07 23:15:55 status unpacked libperl5.20:amd64 5.20.2-3+deb8u5
2016-06-07 23:15:55 status unpacked libperl5.20:amd64 5.20.2-3+deb8u5
2016-06-07 23:15:55 upgrade perl-base:amd64 5.20.2-3+deb8u4 5.20.2-3+deb8u5
2016-06-07 23:15:55 status half-configured perl-base:amd64 5.20.2-3+deb8u4
2016-06-07 23:15:55 status unpacked perl-base:amd64 5.20.2-3+deb8u4
2016-06-07 23:15:55 status half-installed perl-base:amd64 5.20.2-3+deb8u4
2016-06-07 23:15:56 status half-installed perl-base:amd64 5.20.2-3+deb8u4
2016-06-07 23:15:57 status unpacked perl-base:amd64 5.20.2-3+deb8u5
2016-06-07 23:15:57 status unpacked perl-base:amd64 5.20.2-3+deb8u5
2016-06-07 23:15:57 trigproc man-db:amd64 2.7.0.2-5 <ninguna>
2016-06-07 23:15:57 status half-configured man-db:amd64 2.7.0.2-5
2016-06-07 23:15:57 status installed man-db:amd64 2.7.0.2-5
2016-06-07 23:15:57 startup packages configure
2016-06-07 23:15:57 configure perl-base:amd64 5.20.2-3+deb8u5 <ninguna>
2016-06-07 23:15:57 status unpacked perl-base:amd64 5.20.2-3+deb8u5
2016-06-07 23:15:57 status half-configured perl-base:amd64 5.20.2-3+deb8u5
2016-06-07 23:15:57 status installed perl-base:amd64 5.20.2-3+deb8u5
2016-06-07 23:15:57 startup archives unpack
2016-06-07 23:15:57 upgrade perl-modules:all 5.20.2-3+deb8u4 5.20.2-3+deb8u5
2016-06-07 23:15:57 status half-configured perl-modules:all 5.20.2-3+deb8u4
2016-06-07 23:15:57 status unpacked perl-modules:all 5.20.2-3+deb8u4
2016-06-07 23:15:57 status half-installed perl-modules:all 5.20.2-3+deb8u4
2016-06-07 23:16:00 status half-installed perl-modules:all 5.20.2-3+deb8u4
2016-06-07 23:16:00 status unpacked perl-modules:all 5.20.2-3+deb8u5
2016-06-07 23:16:00 status unpacked perl-modules:all 5.20.2-3+deb8u5
2016-06-07 23:16:00 upgrade dmsetup:amd64 2:1.02.90-2.2 2:1.02.90-2.2+deb8u1
2016-06-07 23:16:00 status half-configured dmsetup:amd64 2:1.02.90-2.2
2016-06-07 23:16:00 status unpacked dmsetup:amd64 2:1.02.90-2.2
2016-06-07 23:16:00 status half-installed dmsetup:amd64 2:1.02.90-2.2
2016-06-07 23:16:00 status triggers-pending man-db:amd64 2.7.0.2-5
2016-06-07 23:16:00 status half-installed dmsetup:amd64 2:1.02.90-2.2
2016-06-07 23:16:00 status unpacked dmsetup:amd64 2:1.02.90-2.2+deb8u1
2016-06-07 23:16:00 status unpacked dmsetup:amd64 2:1.02.90-2.2+deb8u1
2016-06-07 23:16:00 trigproc man-db:amd64 2.7.0.2-5 <ninguna>
2016-06-07 23:16:00 status half-configured man-db:amd64 2.7.0.2-5
2016-06-07 23:16:00 status installed man-db:amd64 2.7.0.2-5
2016-06-07 23:16:00 startup packages configure
2016-06-07 23:16:00 configure dmsetup:amd64 2:1.02.90-2.2+deb8u1 <ninguna>
2016-06-07 23:16:00 status unpacked dmsetup:amd64 2:1.02.90-2.2+deb8u1
2016-06-07 23:16:00 status half-configured dmsetup:amd64 2:1.02.90-2.2+deb8u1
2016-06-07 23:16:00 status installed dmsetup:amd64 2:1.02.90-2.2+deb8u1
2016-06-07 23:16:00 status triggers-pending initramfs-tools:all 0.120+deb8u1
2016-06-07 23:16:00 trigproc initramfs-tools:all 0.120+deb8u1 <ninguna>
2016-06-07 23:16:00 status half-configured initramfs-tools:all 0.120+deb8u1
2016-06-07 23:16:03 status installed initramfs-tools:all 0.120+deb8u1
2016-06-07 23:16:03 startup archives unpack
2016-06-07 23:16:03 upgrade libdevmapper1.02.1:amd64 2:1.02.90-2.2 2:1.02.90-2.2+deb8u1
2016-06-07 23:16:03 status half-configured libdevmapper1.02.1:amd64 2:1.02.90-2.2
2016-06-07 23:16:03 status unpacked libdevmapper1.02.1:amd64 2:1.02.90-2.2
2016-06-07 23:16:03 status half-installed libdevmapper1.02.1:amd64 2:1.02.90-2.2
2016-06-07 23:16:03 status half-installed libdevmapper1.02.1:amd64 2:1.02.90-2.2
2016-06-07 23:16:03 status unpacked libdevmapper1.02.1:amd64 2:1.02.90-2.2+deb8u1
2016-06-07 23:16:03 status unpacked libdevmapper1.02.1:amd64 2:1.02.90-2.2+deb8u1
2016-06-07 23:16:03 startup packages configure
2016-06-07 23:16:03 configure libdevmapper1.02.1:amd64 2:1.02.90-2.2+deb8u1 <ninguna>
2016-06-07 23:16:03 status unpacked libdevmapper1.02.1:amd64 2:1.02.90-2.2+deb8u1
2016-06-07 23:16:03 status half-configured libdevmapper1.02.1:amd64 2:1.02.90-2.2+deb8u1
2016-06-07 23:16:04 status installed libdevmapper1.02.1:amd64 2:1.02.90-2.2+deb8u1
2016-06-07 23:16:04 status triggers-pending libc-bin:amd64 2.19-18+deb8u4
2016-06-07 23:16:04 trigproc libc-bin:amd64 2.19-18+deb8u4 <ninguna>
2016-06-07 23:16:04 status half-configured libc-bin:amd64 2.19-18+deb8u4
2016-06-07 23:16:04 status installed libc-bin:amd64 2.19-18+deb8u4
2016-06-07 23:16:04 startup archives unpack
2016-06-07 23:16:04 upgrade libssl-doc:all 1.0.1k-3+deb8u5 1.0.1t-1+deb8u2
2016-06-07 23:16:04 status half-configured libssl-doc:all 1.0.1k-3+deb8u5
2016-06-07 23:16:04 status unpacked libssl-doc:all 1.0.1k-3+deb8u5
2016-06-07 23:16:04 status half-installed libssl-doc:all 1.0.1k-3+deb8u5
2016-06-07 23:16:04 status triggers-pending man-db:amd64 2.7.0.2-5
2016-06-07 23:16:05 status half-installed libssl-doc:all 1.0.1k-3+deb8u5
2016-06-07 23:16:05 status unpacked libssl-doc:all 1.0.1t-1+deb8u2
2016-06-07 23:16:05 status unpacked libssl-doc:all 1.0.1t-1+deb8u2
2016-06-07 23:16:05 upgrade libssl-dev:amd64 1.0.1k-3+deb8u5 1.0.1t-1+deb8u2
2016-06-07 23:16:05 status half-configured libssl-dev:amd64 1.0.1k-3+deb8u5
2016-06-07 23:16:05 status unpacked libssl-dev:amd64 1.0.1k-3+deb8u5
2016-06-07 23:16:05 status half-installed libssl-dev:amd64 1.0.1k-3+deb8u5
2016-06-07 23:16:05 status half-installed libssl-dev:amd64 1.0.1k-3+deb8u5
2016-06-07 23:16:05 status unpacked libssl-dev:amd64 1.0.1t-1+deb8u2
2016-06-07 23:16:05 status unpacked libssl-dev:amd64 1.0.1t-1+deb8u2
2016-06-07 23:16:06 upgrade libssl1.0.0:amd64 1.0.1k-3+deb8u5 1.0.1t-1+deb8u2
2016-06-07 23:16:06 status half-configured libssl1.0.0:amd64 1.0.1k-3+deb8u5
2016-06-07 23:16:06 status unpacked libssl1.0.0:amd64 1.0.1k-3+deb8u5
2016-06-07 23:16:06 status half-installed libssl1.0.0:amd64 1.0.1k-3+deb8u5
2016-06-07 23:16:06 status half-installed libssl1.0.0:amd64 1.0.1k-3+deb8u5
2016-06-07 23:16:06 status unpacked libssl1.0.0:amd64 1.0.1t-1+deb8u2
2016-06-07 23:16:06 status unpacked libssl1.0.0:amd64 1.0.1t-1+deb8u2
2016-06-07 23:16:06 upgrade libidn11:amd64 1.29-1+b2 1.29-1+deb8u1
2016-06-07 23:16:06 status half-configured libidn11:amd64 1.29-1+b2
2016-06-07 23:16:06 status unpacked libidn11:amd64 1.29-1+b2
2016-06-07 23:16:06 status half-installed libidn11:amd64 1.29-1+b2
2016-06-07 23:16:06 status half-installed libidn11:amd64 1.29-1+b2
2016-06-07 23:16:06 status unpacked libidn11:amd64 1.29-1+deb8u1
2016-06-07 23:16:06 status unpacked libidn11:amd64 1.29-1+deb8u1
2016-06-07 23:16:06 upgrade libtasn1-6:amd64 4.2-3+deb8u1 4.2-3+deb8u2
2016-06-07 23:16:06 status half-configured libtasn1-6:amd64 4.2-3+deb8u1
2016-06-07 23:16:06 status unpacked libtasn1-6:amd64 4.2-3+deb8u1
2016-06-07 23:16:06 status half-installed libtasn1-6:amd64 4.2-3+deb8u1
2016-06-07 23:16:06 status half-installed libtasn1-6:amd64 4.2-3+deb8u1
2016-06-07 23:16:06 status unpacked libtasn1-6:amd64 4.2-3+deb8u2
2016-06-07 23:16:06 status unpacked libtasn1-6:amd64 4.2-3+deb8u2
2016-06-07 23:16:06 upgrade libxml2:amd64 2.9.1+dfsg1-5+deb8u1 2.9.1+dfsg1-5+deb8u2
2016-06-07 23:16:06 status half-configured libxml2:amd64 2.9.1+dfsg1-5+deb8u1
2016-06-07 23:16:06 status unpacked libxml2:amd64 2.9.1+dfsg1-5+deb8u1
2016-06-07 23:16:06 status half-installed libxml2:amd64 2.9.1+dfsg1-5+deb8u1
2016-06-07 23:16:06 status half-installed libxml2:amd64 2.9.1+dfsg1-5+deb8u1
2016-06-07 23:16:06 status unpacked libxml2:amd64 2.9.1+dfsg1-5+deb8u2
2016-06-07 23:16:06 status unpacked libxml2:amd64 2.9.1+dfsg1-5+deb8u2
2016-06-07 23:16:06 upgrade libexpat1-dev:amd64 2.1.0-6+deb8u1 2.1.0-6+deb8u3
2016-06-07 23:16:06 status half-configured libexpat1-dev:amd64 2.1.0-6+deb8u1
2016-06-07 23:16:06 status unpacked libexpat1-dev:amd64 2.1.0-6+deb8u1
2016-06-07 23:16:06 status half-installed libexpat1-dev:amd64 2.1.0-6+deb8u1
2016-06-07 23:16:06 status half-installed libexpat1-dev:amd64 2.1.0-6+deb8u1
2016-06-07 23:16:06 status unpacked libexpat1-dev:amd64 2.1.0-6+deb8u3
2016-06-07 23:16:06 status unpacked libexpat1-dev:amd64 2.1.0-6+deb8u3
2016-06-07 23:16:06 upgrade libexpat1:amd64 2.1.0-6+deb8u1 2.1.0-6+deb8u3
2016-06-07 23:16:06 status half-configured libexpat1:amd64 2.1.0-6+deb8u1
2016-06-07 23:16:06 status unpacked libexpat1:amd64 2.1.0-6+deb8u1
2016-06-07 23:16:06 status half-installed libexpat1:amd64 2.1.0-6+deb8u1
2016-06-07 23:16:06 status half-installed libexpat1:amd64 2.1.0-6+deb8u1
2016-06-07 23:16:07 status unpacked libexpat1:amd64 2.1.0-6+deb8u3
2016-06-07 23:16:07 status unpacked libexpat1:amd64 2.1.0-6+deb8u3
2016-06-07 23:16:07 upgrade libgd-dev:amd64 2.1.0-5+deb8u1 2.1.0-5+deb8u3
2016-06-07 23:16:07 status half-configured libgd-dev:amd64 2.1.0-5+deb8u1
2016-06-07 23:16:07 status unpacked libgd-dev:amd64 2.1.0-5+deb8u1
2016-06-07 23:16:07 status half-installed libgd-dev:amd64 2.1.0-5+deb8u1
2016-06-07 23:16:07 status half-installed libgd-dev:amd64 2.1.0-5+deb8u1
2016-06-07 23:16:07 status unpacked libgd-dev:amd64 2.1.0-5+deb8u3
2016-06-07 23:16:07 status unpacked libgd-dev:amd64 2.1.0-5+deb8u3
2016-06-07 23:16:07 upgrade libgd2-xpm-dev:amd64 2.1.0-5+deb8u1 2.1.0-5+deb8u3
2016-06-07 23:16:07 status half-configured libgd2-xpm-dev:amd64 2.1.0-5+deb8u1
2016-06-07 23:16:07 status unpacked libgd2-xpm-dev:amd64 2.1.0-5+deb8u1
2016-06-07 23:16:07 status half-installed libgd2-xpm-dev:amd64 2.1.0-5+deb8u1
2016-06-07 23:16:07 status half-installed libgd2-xpm-dev:amd64 2.1.0-5+deb8u1
2016-06-07 23:16:07 status unpacked libgd2-xpm-dev:amd64 2.1.0-5+deb8u3
2016-06-07 23:16:07 status unpacked libgd2-xpm-dev:amd64 2.1.0-5+deb8u3
2016-06-07 23:16:07 upgrade libgd3:amd64 2.1.0-5+deb8u1 2.1.0-5+deb8u3
2016-06-07 23:16:07 status half-configured libgd3:amd64 2.1.0-5+deb8u1
2016-06-07 23:16:07 status unpacked libgd3:amd64 2.1.0-5+deb8u1
2016-06-07 23:16:07 status half-installed libgd3:amd64 2.1.0-5+deb8u1
2016-06-07 23:16:07 status half-installed libgd3:amd64 2.1.0-5+deb8u1
2016-06-07 23:16:07 status unpacked libgd3:amd64 2.1.0-5+deb8u3
2016-06-07 23:16:07 status unpacked libgd3:amd64 2.1.0-5+deb8u3
2016-06-07 23:16:07 upgrade libgdk-pixbuf2.0-0:amd64 2.31.1-2+deb8u4 2.31.1-2+deb8u5
2016-06-07 23:16:07 status half-configured libgdk-pixbuf2.0-0:amd64 2.31.1-2+deb8u4
2016-06-07 23:16:07 status unpacked libgdk-pixbuf2.0-0:amd64 2.31.1-2+deb8u4
2016-06-07 23:16:07 status half-installed libgdk-pixbuf2.0-0:amd64 2.31.1-2+deb8u4
2016-06-07 23:16:07 status half-installed libgdk-pixbuf2.0-0:amd64 2.31.1-2+deb8u4
2016-06-07 23:16:07 status unpacked libgdk-pixbuf2.0-0:amd64 2.31.1-2+deb8u5
2016-06-07 23:16:07 status unpacked libgdk-pixbuf2.0-0:amd64 2.31.1-2+deb8u5
2016-06-07 23:16:07 upgrade libgdk-pixbuf2.0-common:all 2.31.1-2+deb8u4 2.31.1-2+deb8u5
2016-06-07 23:16:07 status half-configured libgdk-pixbuf2.0-common:all 2.31.1-2+deb8u4
2016-06-07 23:16:07 status unpacked libgdk-pixbuf2.0-common:all 2.31.1-2+deb8u4
2016-06-07 23:16:07 status half-installed libgdk-pixbuf2.0-common:all 2.31.1-2+deb8u4
2016-06-07 23:16:08 status half-installed libgdk-pixbuf2.0-common:all 2.31.1-2+deb8u4
2016-06-07 23:16:08 status unpacked libgdk-pixbuf2.0-common:all 2.31.1-2+deb8u5
2016-06-07 23:16:08 status unpacked libgdk-pixbuf2.0-common:all 2.31.1-2+deb8u5
2016-06-07 23:16:08 upgrade libksba8:amd64 1.3.2-1 1.3.2-1+deb8u1
2016-06-07 23:16:08 status half-configured libksba8:amd64 1.3.2-1
2016-06-07 23:16:08 status unpacked libksba8:amd64 1.3.2-1
2016-06-07 23:16:08 status half-installed libksba8:amd64 1.3.2-1
2016-06-07 23:16:08 status half-installed libksba8:amd64 1.3.2-1
2016-06-07 23:16:08 status unpacked libksba8:amd64 1.3.2-1+deb8u1
2016-06-07 23:16:08 status unpacked libksba8:amd64 1.3.2-1+deb8u1
2016-06-07 23:16:08 upgrade tzdata:all 2016c-0+deb8u1 2016d-0+deb8u1
2016-06-07 23:16:08 status half-configured tzdata:all 2016c-0+deb8u1
2016-06-07 23:16:08 status unpacked tzdata:all 2016c-0+deb8u1
2016-06-07 23:16:08 status half-installed tzdata:all 2016c-0+deb8u1
2016-06-07 23:16:09 status half-installed tzdata:all 2016c-0+deb8u1
2016-06-07 23:16:09 status unpacked tzdata:all 2016d-0+deb8u1
2016-06-07 23:16:09 status unpacked tzdata:all 2016d-0+deb8u1
2016-06-07 23:16:09 trigproc man-db:amd64 2.7.0.2-5 <ninguna>
2016-06-07 23:16:09 status half-configured man-db:amd64 2.7.0.2-5
2016-06-07 23:16:10 status installed man-db:amd64 2.7.0.2-5
2016-06-07 23:16:10 startup packages configure
2016-06-07 23:16:10 configure tzdata:all 2016d-0+deb8u1 <ninguna>
2016-06-07 23:16:10 status unpacked tzdata:all 2016d-0+deb8u1
2016-06-07 23:16:10 status half-configured tzdata:all 2016d-0+deb8u1
2016-06-07 23:16:11 status installed tzdata:all 2016d-0+deb8u1
2016-06-07 23:16:11 startup archives unpack
2016-06-07 23:16:11 upgrade libxapian22:amd64 1.2.19-1 1.2.19-1+deb8u1
2016-06-07 23:16:11 status half-configured libxapian22:amd64 1.2.19-1
2016-06-07 23:16:11 status unpacked libxapian22:amd64 1.2.19-1
2016-06-07 23:16:11 status half-installed libxapian22:amd64 1.2.19-1
2016-06-07 23:16:11 status half-installed libxapian22:amd64 1.2.19-1
2016-06-07 23:16:11 status unpacked libxapian22:amd64 1.2.19-1+deb8u1
2016-06-07 23:16:11 status unpacked libxapian22:amd64 1.2.19-1+deb8u1
2016-06-07 23:16:11 upgrade initramfs-tools:all 0.120+deb8u1 0.120+deb8u2
2016-06-07 23:16:11 status half-configured initramfs-tools:all 0.120+deb8u1
2016-06-07 23:16:11 status unpacked initramfs-tools:all 0.120+deb8u1
2016-06-07 23:16:11 status half-installed initramfs-tools:all 0.120+deb8u1
2016-06-07 23:16:11 status triggers-pending man-db:amd64 2.7.0.2-5
2016-06-07 23:16:11 status half-installed initramfs-tools:all 0.120+deb8u1
2016-06-07 23:16:11 status unpacked initramfs-tools:all 0.120+deb8u2
2016-06-07 23:16:11 status unpacked initramfs-tools:all 0.120+deb8u2
2016-06-07 23:16:11 upgrade libxml2-utils:amd64 2.9.1+dfsg1-5+deb8u1 2.9.1+dfsg1-5+deb8u2
2016-06-07 23:16:11 status half-configured libxml2-utils:amd64 2.9.1+dfsg1-5+deb8u1
2016-06-07 23:16:11 status unpacked libxml2-utils:amd64 2.9.1+dfsg1-5+deb8u1
2016-06-07 23:16:11 status half-installed libxml2-utils:amd64 2.9.1+dfsg1-5+deb8u1
2016-06-07 23:16:11 status half-installed libxml2-utils:amd64 2.9.1+dfsg1-5+deb8u1
2016-06-07 23:16:11 status unpacked libxml2-utils:amd64 2.9.1+dfsg1-5+deb8u2
2016-06-07 23:16:11 status unpacked libxml2-utils:amd64 2.9.1+dfsg1-5+deb8u2
2016-06-07 23:16:11 upgrade openssl:amd64 1.0.1k-3+deb8u5 1.0.1t-1+deb8u2
2016-06-07 23:16:11 status half-configured openssl:amd64 1.0.1k-3+deb8u5
2016-06-07 23:16:11 status unpacked openssl:amd64 1.0.1k-3+deb8u5
2016-06-07 23:16:11 status half-installed openssl:amd64 1.0.1k-3+deb8u5
2016-06-07 23:16:11 status half-installed openssl:amd64 1.0.1k-3+deb8u5
2016-06-07 23:16:11 status unpacked openssl:amd64 1.0.1t-1+deb8u2
2016-06-07 23:16:11 status unpacked openssl:amd64 1.0.1t-1+deb8u2
2016-06-07 23:16:11 trigproc man-db:amd64 2.7.0.2-5 <ninguna>
2016-06-07 23:16:11 status half-configured man-db:amd64 2.7.0.2-5
2016-06-07 23:16:12 status installed man-db:amd64 2.7.0.2-5
2016-06-07 23:16:12 startup packages configure
2016-06-07 23:16:12 configure perl-modules:all 5.20.2-3+deb8u5 <ninguna>
2016-06-07 23:16:12 status unpacked perl-modules:all 5.20.2-3+deb8u5
2016-06-07 23:16:12 status unpacked perl-modules:all 5.20.2-3+deb8u5
2016-06-07 23:16:12 status half-configured perl-modules:all 5.20.2-3+deb8u5
2016-06-07 23:16:12 status installed perl-modules:all 5.20.2-3+deb8u5
2016-06-07 23:16:12 configure perl:amd64 5.20.2-3+deb8u5 <ninguna>
2016-06-07 23:16:12 status unpacked perl:amd64 5.20.2-3+deb8u5
2016-06-07 23:16:12 status half-configured perl:amd64 5.20.2-3+deb8u5
2016-06-07 23:16:12 status installed perl:amd64 5.20.2-3+deb8u5
2016-06-07 23:16:12 configure libperl5.20:amd64 5.20.2-3+deb8u5 <ninguna>
2016-06-07 23:16:12 status unpacked libperl5.20:amd64 5.20.2-3+deb8u5
2016-06-07 23:16:12 status half-configured libperl5.20:amd64 5.20.2-3+deb8u5
2016-06-07 23:16:12 status installed libperl5.20:amd64 5.20.2-3+deb8u5
2016-06-07 23:16:12 status triggers-pending libc-bin:amd64 2.19-18+deb8u4
2016-06-07 23:16:12 configure libssl-doc:all 1.0.1t-1+deb8u2 <ninguna>
2016-06-07 23:16:12 status unpacked libssl-doc:all 1.0.1t-1+deb8u2
2016-06-07 23:16:12 status half-configured libssl-doc:all 1.0.1t-1+deb8u2
2016-06-07 23:16:12 status installed libssl-doc:all 1.0.1t-1+deb8u2
2016-06-07 23:16:12 configure libssl1.0.0:amd64 1.0.1t-1+deb8u2 <ninguna>
2016-06-07 23:16:12 status unpacked libssl1.0.0:amd64 1.0.1t-1+deb8u2
2016-06-07 23:16:12 status half-configured libssl1.0.0:amd64 1.0.1t-1+deb8u2
2016-06-07 23:16:12 status installed libssl1.0.0:amd64 1.0.1t-1+deb8u2
2016-06-07 23:16:12 configure libssl-dev:amd64 1.0.1t-1+deb8u2 <ninguna>
2016-06-07 23:16:12 status unpacked libssl-dev:amd64 1.0.1t-1+deb8u2
2016-06-07 23:16:12 status half-configured libssl-dev:amd64 1.0.1t-1+deb8u2
2016-06-07 23:16:12 status installed libssl-dev:amd64 1.0.1t-1+deb8u2
2016-06-07 23:16:12 configure libidn11:amd64 1.29-1+deb8u1 <ninguna>
2016-06-07 23:16:12 status unpacked libidn11:amd64 1.29-1+deb8u1
2016-06-07 23:16:12 status half-configured libidn11:amd64 1.29-1+deb8u1
2016-06-07 23:16:12 status installed libidn11:amd64 1.29-1+deb8u1
2016-06-07 23:16:12 configure libtasn1-6:amd64 4.2-3+deb8u2 <ninguna>
2016-06-07 23:16:12 status unpacked libtasn1-6:amd64 4.2-3+deb8u2
2016-06-07 23:16:12 status half-configured libtasn1-6:amd64 4.2-3+deb8u2
2016-06-07 23:16:12 status installed libtasn1-6:amd64 4.2-3+deb8u2
2016-06-07 23:16:12 configure libxml2:amd64 2.9.1+dfsg1-5+deb8u2 <ninguna>
2016-06-07 23:16:12 status unpacked libxml2:amd64 2.9.1+dfsg1-5+deb8u2
2016-06-07 23:16:12 status half-configured libxml2:amd64 2.9.1+dfsg1-5+deb8u2
2016-06-07 23:16:12 status installed libxml2:amd64 2.9.1+dfsg1-5+deb8u2
2016-06-07 23:16:12 configure libexpat1:amd64 2.1.0-6+deb8u3 <ninguna>
2016-06-07 23:16:12 status unpacked libexpat1:amd64 2.1.0-6+deb8u3
2016-06-07 23:16:12 status half-configured libexpat1:amd64 2.1.0-6+deb8u3
2016-06-07 23:16:12 status installed libexpat1:amd64 2.1.0-6+deb8u3
2016-06-07 23:16:12 configure libexpat1-dev:amd64 2.1.0-6+deb8u3 <ninguna>
2016-06-07 23:16:12 status unpacked libexpat1-dev:amd64 2.1.0-6+deb8u3
2016-06-07 23:16:12 status half-configured libexpat1-dev:amd64 2.1.0-6+deb8u3
2016-06-07 23:16:12 status installed libexpat1-dev:amd64 2.1.0-6+deb8u3
2016-06-07 23:16:12 configure libgd3:amd64 2.1.0-5+deb8u3 <ninguna>
2016-06-07 23:16:12 status unpacked libgd3:amd64 2.1.0-5+deb8u3
2016-06-07 23:16:12 status half-configured libgd3:amd64 2.1.0-5+deb8u3
2016-06-07 23:16:12 status installed libgd3:amd64 2.1.0-5+deb8u3
2016-06-07 23:16:12 configure libgd-dev:amd64 2.1.0-5+deb8u3 <ninguna>
2016-06-07 23:16:12 status unpacked libgd-dev:amd64 2.1.0-5+deb8u3
2016-06-07 23:16:12 status half-configured libgd-dev:amd64 2.1.0-5+deb8u3
2016-06-07 23:16:12 status installed libgd-dev:amd64 2.1.0-5+deb8u3
2016-06-07 23:16:12 configure libgd2-xpm-dev:amd64 2.1.0-5+deb8u3 <ninguna>
2016-06-07 23:16:12 status unpacked libgd2-xpm-dev:amd64 2.1.0-5+deb8u3
2016-06-07 23:16:12 status half-configured libgd2-xpm-dev:amd64 2.1.0-5+deb8u3
2016-06-07 23:16:12 status installed libgd2-xpm-dev:amd64 2.1.0-5+deb8u3
2016-06-07 23:16:12 configure libgdk-pixbuf2.0-common:all 2.31.1-2+deb8u5 <ninguna>
2016-06-07 23:16:12 status unpacked libgdk-pixbuf2.0-common:all 2.31.1-2+deb8u5
2016-06-07 23:16:12 status half-configured libgdk-pixbuf2.0-common:all 2.31.1-2+deb8u5
2016-06-07 23:16:13 status installed libgdk-pixbuf2.0-common:all 2.31.1-2+deb8u5
2016-06-07 23:16:13 configure libgdk-pixbuf2.0-0:amd64 2.31.1-2+deb8u5 <ninguna>
2016-06-07 23:16:13 status unpacked libgdk-pixbuf2.0-0:amd64 2.31.1-2+deb8u5
2016-06-07 23:16:13 status half-configured libgdk-pixbuf2.0-0:amd64 2.31.1-2+deb8u5
2016-06-07 23:16:13 status installed libgdk-pixbuf2.0-0:amd64 2.31.1-2+deb8u5
2016-06-07 23:16:13 configure libksba8:amd64 1.3.2-1+deb8u1 <ninguna>
2016-06-07 23:16:13 status unpacked libksba8:amd64 1.3.2-1+deb8u1
2016-06-07 23:16:13 status half-configured libksba8:amd64 1.3.2-1+deb8u1
2016-06-07 23:16:13 status installed libksba8:amd64 1.3.2-1+deb8u1
2016-06-07 23:16:13 configure libxapian22:amd64 1.2.19-1+deb8u1 <ninguna>
2016-06-07 23:16:13 status unpacked libxapian22:amd64 1.2.19-1+deb8u1
2016-06-07 23:16:13 status half-configured libxapian22:amd64 1.2.19-1+deb8u1
2016-06-07 23:16:13 status installed libxapian22:amd64 1.2.19-1+deb8u1
2016-06-07 23:16:13 configure initramfs-tools:all 0.120+deb8u2 <ninguna>
2016-06-07 23:16:13 status unpacked initramfs-tools:all 0.120+deb8u2
2016-06-07 23:16:13 status unpacked initramfs-tools:all 0.120+deb8u2
2016-06-07 23:16:13 status unpacked initramfs-tools:all 0.120+deb8u2
2016-06-07 23:16:13 status unpacked initramfs-tools:all 0.120+deb8u2
2016-06-07 23:16:13 status unpacked initramfs-tools:all 0.120+deb8u2
2016-06-07 23:16:13 status unpacked initramfs-tools:all 0.120+deb8u2
2016-06-07 23:16:13 status half-configured initramfs-tools:all 0.120+deb8u2
2016-06-07 23:16:13 status installed initramfs-tools:all 0.120+deb8u2
2016-06-07 23:16:13 status triggers-pending initramfs-tools:all 0.120+deb8u2
2016-06-07 23:16:13 configure libxml2-utils:amd64 2.9.1+dfsg1-5+deb8u2 <ninguna>
2016-06-07 23:16:13 status unpacked libxml2-utils:amd64 2.9.1+dfsg1-5+deb8u2
2016-06-07 23:16:13 status half-configured libxml2-utils:amd64 2.9.1+dfsg1-5+deb8u2
2016-06-07 23:16:13 status installed libxml2-utils:amd64 2.9.1+dfsg1-5+deb8u2
2016-06-07 23:16:13 configure openssl:amd64 1.0.1t-1+deb8u2 <ninguna>
2016-06-07 23:16:13 status unpacked openssl:amd64 1.0.1t-1+deb8u2
2016-06-07 23:16:13 status unpacked openssl:amd64 1.0.1t-1+deb8u2
2016-06-07 23:16:13 status half-configured openssl:amd64 1.0.1t-1+deb8u2
2016-06-07 23:16:13 status installed openssl:amd64 1.0.1t-1+deb8u2
2016-06-07 23:16:13 trigproc libc-bin:amd64 2.19-18+deb8u4 <ninguna>
2016-06-07 23:16:13 status half-configured libc-bin:amd64 2.19-18+deb8u4
2016-06-07 23:16:13 status installed libc-bin:amd64 2.19-18+deb8u4
2016-06-07 23:16:13 trigproc initramfs-tools:all 0.120+deb8u2 <ninguna>
2016-06-07 23:16:13 status half-configured initramfs-tools:all 0.120+deb8u2
2016-06-07 23:16:16 status installed initramfs-tools:all 0.120+deb8u2
2016-06-07 23:16:16 startup packages configure
2016-06-08 13:12:13 startup archives unpack
2016-06-08 13:12:13 install libopts25:amd64 <ninguna> 1:5.18.4-3
2016-06-08 13:12:13 status half-installed libopts25:amd64 1:5.18.4-3
2016-06-08 13:12:13 status unpacked libopts25:amd64 1:5.18.4-3
2016-06-08 13:12:13 status unpacked libopts25:amd64 1:5.18.4-3
2016-06-08 13:12:13 install ntp:amd64 <ninguna> 1:4.2.6.p5+dfsg-7+deb8u1
2016-06-08 13:12:13 status half-installed ntp:amd64 1:4.2.6.p5+dfsg-7+deb8u1
2016-06-08 13:12:14 status triggers-pending man-db:amd64 2.7.0.2-5
2016-06-08 13:12:14 status triggers-pending systemd:amd64 215-17+deb8u4
2016-06-08 13:12:14 status unpacked ntp:amd64 1:4.2.6.p5+dfsg-7+deb8u1
2016-06-08 13:12:14 status unpacked ntp:amd64 1:4.2.6.p5+dfsg-7+deb8u1
2016-06-08 13:12:14 trigproc man-db:amd64 2.7.0.2-5 <ninguna>
2016-06-08 13:12:14 status half-configured man-db:amd64 2.7.0.2-5
2016-06-08 13:12:14 status installed man-db:amd64 2.7.0.2-5
2016-06-08 13:12:14 trigproc systemd:amd64 215-17+deb8u4 <ninguna>
2016-06-08 13:12:14 status half-configured systemd:amd64 215-17+deb8u4
2016-06-08 13:12:14 status installed systemd:amd64 215-17+deb8u4
2016-06-08 13:12:14 startup packages configure
2016-06-08 13:12:14 configure libopts25:amd64 1:5.18.4-3 <ninguna>
2016-06-08 13:12:14 status unpacked libopts25:amd64 1:5.18.4-3
2016-06-08 13:12:14 status half-configured libopts25:amd64 1:5.18.4-3
2016-06-08 13:12:14 status installed libopts25:amd64 1:5.18.4-3
2016-06-08 13:12:14 status triggers-pending libc-bin:amd64 2.19-18+deb8u4
2016-06-08 13:12:14 configure ntp:amd64 1:4.2.6.p5+dfsg-7+deb8u1 <ninguna>
2016-06-08 13:12:14 status unpacked ntp:amd64 1:4.2.6.p5+dfsg-7+deb8u1
2016-06-08 13:12:14 status unpacked ntp:amd64 1:4.2.6.p5+dfsg-7+deb8u1
2016-06-08 13:12:14 status unpacked ntp:amd64 1:4.2.6.p5+dfsg-7+deb8u1
2016-06-08 13:12:14 status unpacked ntp:amd64 1:4.2.6.p5+dfsg-7+deb8u1
2016-06-08 13:12:14 status triggers-pending systemd:amd64 215-17+deb8u4
2016-06-08 13:12:14 status unpacked ntp:amd64 1:4.2.6.p5+dfsg-7+deb8u1
2016-06-08 13:12:14 status unpacked ntp:amd64 1:4.2.6.p5+dfsg-7+deb8u1
2016-06-08 13:12:14 status half-configured ntp:amd64 1:4.2.6.p5+dfsg-7+deb8u1
2016-06-08 13:12:14 status installed ntp:amd64 1:4.2.6.p5+dfsg-7+deb8u1
2016-06-08 13:12:14 trigproc libc-bin:amd64 2.19-18+deb8u4 <ninguna>
2016-06-08 13:12:14 status half-configured libc-bin:amd64 2.19-18+deb8u4
2016-06-08 13:12:14 status installed libc-bin:amd64 2.19-18+deb8u4
2016-06-08 13:12:14 trigproc systemd:amd64 215-17+deb8u4 <ninguna>
2016-06-08 13:12:14 status half-configured systemd:amd64 215-17+deb8u4
2016-06-08 13:12:15 status installed systemd:amd64 215-17+deb8u4
2016-06-08 13:12:15 startup packages configure
